<?xml version="1.0" encoding="UTF-8"?>
<!-- Generated by org.testng.reporters.JUnitReportReporter -->
<testsuite skipped="0" hostname="LAPTOP-MC2FHNDC" name="tests.Katya" tests="5" failures="0" timestamp="2021-01-18T18:33:11 EST" time="689.859" errors="0">
  <testcase name="test3UsingPOM" time="183.851" classname="tests.Katya"/>
  <system-out/>
  <testcase name="test4UsingPOM" time="48.718" classname="tests.Katya"/>
  <system-out/>
  <testcase name="test1UsingPOM" time="198.760" classname="tests.Katya"/>
  <system-out/>
  <testcase name="test2UsingPOM" time="122.049" classname="tests.Katya"/>
  <system-out/>
  <testcase name="test5UsingPOM" time="136.481" classname="tests.Katya"/>
  <system-out/>
</testsuite> <!-- tests.Katya -->
