<?xml version="1.0" encoding="UTF-8"?>
<!-- Generated by org.testng.reporters.JUnitReportReporter -->
<testsuite skipped="0" hostname="LAPTOP-MC2FHNDC" name="tests.DilmuRodAndKaterina" tests="1" failures="0" timestamp="2021-01-17T09:52:16 EST" time="48.679" errors="0">
  <testcase name="advancedSearchOption" time="48.679" classname="tests.DilmuRodAndKaterina"/>
  <system-out/>
</testsuite> <!-- tests.DilmuRodAndKaterina -->
