<?xml version="1.0" encoding="UTF-8"?>
<!-- Generated by org.testng.reporters.JUnitReportReporter -->
<testsuite skipped="0" hostname="DESKTOP-V2P6DGA" name="tests.Katya" tests="5" failures="0" timestamp="2021-01-17T16:29:13 EST" time="534.481" errors="0">
  <testcase name="test2UsingPOM" time="98.988" classname="tests.Katya"/>
  <system-out/>
  <testcase name="test4UsingPOM" time="33.517" classname="tests.Katya"/>
  <system-out/>
  <testcase name="test3UsingPOM" time="136.657" classname="tests.Katya"/>
  <system-out/>
  <testcase name="test5UsingPOM" time="134.879" classname="tests.Katya"/>
  <system-out/>
  <testcase name="test1UsingPOM" time="130.440" classname="tests.Katya"/>
  <system-out/>
</testsuite> <!-- tests.Katya -->
