<?xml version="1.0" encoding="UTF-8"?>
<!-- Generated by org.testng.reporters.JUnitReportReporter -->
<testsuite skipped="0" hostname="DESKTOP-V2P6DGA" name="tests.KatyaSprint2" tests="8" failures="0" timestamp="2021-01-20T22:01:17 EST" time="118.264" errors="0">
  <testcase name="test2WebsiteFooter" time="11.998" classname="tests.KatyaSprint2"/>
  <system-out/>
  <testcase name="test4WebsiteFooter" time="16.446" classname="tests.KatyaSprint2"/>
  <system-out/>
  <testcase name="test6WebsiteFooter" time="15.207" classname="tests.KatyaSprint2"/>
  <system-out/>
  <testcase name="test7WebsiteFooter" time="18.560" classname="tests.KatyaSprint2"/>
  <system-out/>
  <testcase name="test1WebsiteFooter" time="10.450" classname="tests.KatyaSprint2"/>
  <system-out/>
  <testcase name="test5WebsiteFooter" time="17.838" classname="tests.KatyaSprint2"/>
  <system-out/>
  <testcase name="test3WebsiteFooter" time="9.949" classname="tests.KatyaSprint2"/>
  <system-out/>
  <testcase name="test8WebsiteFooter" time="17.816" classname="tests.KatyaSprint2"/>
  <system-out/>
</testsuite> <!-- tests.KatyaSprint2 -->
