<?xml version="1.0" encoding="UTF-8"?>
<!-- Generated by org.testng.reporters.JUnitReportReporter -->
<testsuite skipped="0" hostname="DESKTOP-Q2SSBUQ" name="tests.SanaSprint2" tests="10" failures="0" timestamp="2021-01-21T13:49:19 EST" time="363.541" errors="0">
  <testcase name="verifyGiftCardLink" time="12.332" classname="tests.SanaSprint2"/>
  <system-out/>
  <testcase name="nonEngSenderName" time="36.089" classname="tests.SanaSprint2"/>
  <system-out/>
  <testcase name="negativeCreditCard" time="62.941" classname="tests.SanaSprint2"/>
  <system-out/>
  <testcase name="nonEngSenderName" time="36.189" classname="tests.SanaSprint2"/>
  <system-out/>
  <testcase name="nonEngSenderName" time="35.830" classname="tests.SanaSprint2"/>
  <system-out/>
  <testcase name="nonEngSenderName" time="35.652" classname="tests.SanaSprint2"/>
  <system-out/>
  <testcase name="nonEngSenderName" time="35.690" classname="tests.SanaSprint2"/>
  <system-out/>
  <testcase name="mismatchEmails" time="36.729" classname="tests.SanaSprint2"/>
  <system-out/>
  <testcase name="minGiftCardAmount" time="36.389" classname="tests.SanaSprint2"/>
  <system-out/>
  <testcase name="maxGiftCardAmount" time="35.700" classname="tests.SanaSprint2"/>
  <system-out/>
</testsuite> <!-- tests.SanaSprint2 -->
