<?xml version="1.0" encoding="UTF-8"?>
<!-- Generated by org.testng.reporters.JUnitReportReporter -->
<testsuite skipped="0" hostname="DESKTOP-DJATTJ7" name="tests.DilmuRodAndKaterina" tests="1" failures="0" timestamp="2021-01-19T23:16:13 EST" time="25.148" errors="0">
  <testcase name="nonStopOption" time="25.148" classname="tests.DilmuRodAndKaterina"/>
  <system-out/>
</testsuite> <!-- tests.DilmuRodAndKaterina -->
