<?xml version="1.0" encoding="UTF-8"?>
<!-- Generated by org.testng.reporters.JUnitReportReporter -->
<testsuite skipped="0" hostname="DESKTOP-Q2SSBUQ" name="tests.Sana" tests="1" failures="0" timestamp="2021-01-17T11:04:26 EST" time="22.265" errors="0">
  <testcase name="positiveLogin" time="22.265" classname="tests.Sana"/>
  <system-out/>
</testsuite> <!-- tests.Sana -->
