<?xml version="1.0" encoding="UTF-8"?>
<!-- Generated by org.testng.reporters.JUnitReportReporter -->
<testsuite skipped="0" hostname="LAPTOP-MC2FHNDC" name="tests.KatyaSprint2" tests="1" failures="0" timestamp="2021-01-24T19:16:36 EST" time="19.881" errors="0">
  <testcase name="test3WebsiteFooter" time="19.881" classname="tests.KatyaSprint2"/>
  <system-out/>
</testsuite> <!-- tests.KatyaSprint2 -->
