<?xml version="1.0" encoding="UTF-8"?>
<!-- Generated by org.testng.reporters.JUnitReportReporter -->
<testsuite skipped="0" hostname="LAPTOP-MC2FHNDC" name="tests.DilmuRodAndKaterina" tests="1" failures="0" timestamp="2021-01-18T16:06:02 EST" time="35.110" errors="0">
  <testcase name="nonStopOption" time="35.110" classname="tests.DilmuRodAndKaterina"/>
  <system-out/>
</testsuite> <!-- tests.DilmuRodAndKaterina -->
