<?xml version="1.0" encoding="UTF-8"?>
<!-- Generated by org.testng.reporters.JUnitReportReporter -->
<<<<<<< HEAD
<testsuite skipped="0" hostname="LAPTOP-MC2FHNDC" name="tests.Katya" tests="5" failures="0" timestamp="2021-01-18T18:33:11 EST" time="689.859" errors="0">
  <testcase name="test3UsingPOM" time="183.851" classname="tests.Katya"/>
  <system-out/>
  <testcase name="test4UsingPOM" time="48.718" classname="tests.Katya"/>
  <system-out/>
  <testcase name="test1UsingPOM" time="198.760" classname="tests.Katya"/>
  <system-out/>
  <testcase name="test2UsingPOM" time="122.049" classname="tests.Katya"/>
  <system-out/>
  <testcase name="test5UsingPOM" time="136.481" classname="tests.Katya"/>
=======
<testsuite skipped="0" hostname="DESKTOP-DJATTJ7" name="tests.Katya" tests="1" failures="0" timestamp="2021-01-19T09:36:57 EST" time="41.792" errors="0">
  <testcase name="test1UsingPOM" time="41.792" classname="tests.Katya"/>
>>>>>>> 21dd2dea68ee3b75e1c244225d5f9f9af6c9d4df
  <system-out/>
</testsuite> <!-- tests.Katya -->
