<?xml version="1.0" encoding="UTF-8"?>
<!-- Generated by org.testng.reporters.JUnitReportReporter -->
<testsuite skipped="0" hostname="LAPTOP-MC2FHNDC" name="tests.SanaSprint2" tests="1" failures="0" timestamp="2021-01-24T19:16:36 EST" time="14.425" errors="0">
  <testcase name="verifyGiftCardLink" time="14.425" classname="tests.SanaSprint2"/>
  <system-out/>
</testsuite> <!-- tests.SanaSprint2 -->
