<?xml version="1.0" encoding="UTF-8"?>
<!-- Generated by org.testng.reporters.JUnitReportReporter -->
<testsuite skipped="0" hostname="DESKTOP-DJATTJ7" name="tests.DilmuRodAndKaterina" tests="1" failures="0" timestamp="2021-01-22T12:21:54 EST" time="18.016" errors="0">
  <testcase name="verifyShoppingLinks" time="18.016" classname="tests.DilmuRodAndKaterina"/>
  <system-out/>
</testsuite> <!-- tests.DilmuRodAndKaterina -->
