<?xml version="1.0" encoding="UTF-8"?>
<!-- Generated by org.testng.reporters.JUnitReportReporter -->
<testsuite skipped="0" hostname="LAPTOP-MC2FHNDC" name="tests.SanaSprint2" tests="10" failures="0" timestamp="2021-01-24T18:06:44 EST" time="412.575" errors="0">
  <testcase name="mismatchEmails" time="38.194" classname="tests.SanaSprint2"/>
  <system-out/>
  <testcase name="minGiftCardAmount" time="37.415" classname="tests.SanaSprint2"/>
  <system-out/>
  <testcase name="nonEngSenderName" time="38.984" classname="tests.SanaSprint2"/>
  <system-out/>
  <testcase name="nonEngSenderName" time="54.070" classname="tests.SanaSprint2"/>
  <system-out/>
  <testcase name="nonEngSenderName" time="43.569" classname="tests.SanaSprint2"/>
  <system-out/>
  <testcase name="nonEngSenderName" time="37.032" classname="tests.SanaSprint2"/>
  <system-out/>
  <testcase name="nonEngSenderName" time="32.912" classname="tests.SanaSprint2"/>
  <system-out/>
  <testcase name="negativeCreditCard" time="51.459" classname="tests.SanaSprint2"/>
  <system-out/>
  <testcase name="maxGiftCardAmount" time="48.723" classname="tests.SanaSprint2"/>
  <system-out/>
  <testcase name="verifyGiftCardLink" time="30.217" classname="tests.SanaSprint2"/>
  <system-out/>
</testsuite> <!-- tests.SanaSprint2 -->
