<?xml version="1.0" encoding="UTF-8"?>
<!-- Generated by org.testng.reporters.JUnitReportReporter -->
<testsuite skipped="0" hostname="DESKTOP-DJATTJ7" name="tests.Katya" tests="1" failures="0" timestamp="2021-01-19T09:36:57 EST" time="41.792" errors="0">
  <testcase name="test1UsingPOM" time="41.792" classname="tests.Katya"/>
  <system-out/>
</testsuite> <!-- tests.Katya -->
