<?xml version="1.0" encoding="UTF-8"?>
<!-- Generated by org.testng.reporters.JUnitReportReporter -->
<testsuite skipped="0" hostname="DESKTOP-V2P6DGA" name="tests.Test_Expl" tests="1" failures="0" timestamp="2021-01-13T16:50:35 EST" time="6.488" errors="0">
  <testcase name="test1" time="6.488" classname="tests.Test_Expl"/>
  <system-out/>
</testsuite> <!-- tests.Test_Expl -->
