<?xml version="1.0" encoding="UTF-8"?>
<!-- Generated by org.testng.reporters.JUnitReportReporter -->
<testsuite skipped="0" hostname="LAPTOP-MC2FHNDC" name="tests.Katya" tests="5" failures="0" timestamp="2021-01-20T08:38:43 EST" time="442.223" errors="0">
  <testcase name="test4UsingPOM" time="28.375" classname="tests.Katya"/>
  <system-out/>
  <testcase name="test5UsingPOM" time="126.171" classname="tests.Katya"/>
  <system-out/>
  <testcase name="test1UsingPOM" time="51.398" classname="tests.Katya"/>
  <system-out/>
  <testcase name="test2UsingPOM" time="104.528" classname="tests.Katya"/>
  <system-out/>
  <testcase name="test3UsingPOM" time="131.751" classname="tests.Katya"/>
  <system-out/>
</testsuite> <!-- tests.Katya -->
