<?xml version="1.0" encoding="UTF-8"?>
<!-- Generated by org.testng.reporters.JUnitReportReporter -->
<testsuite skipped="0" hostname="LAPTOP-MC2FHNDC" name="tests.Test_Expl" tests="5" failures="0" timestamp="2021-01-18T18:23:24 EST" time="72.900" errors="0">
  <testcase name="test4UsingPOM" time="15.397" classname="tests.Test_Expl"/>
  <system-out/>
  <testcase name="test3UsingPOM" time="15.482" classname="tests.Test_Expl"/>
  <system-out/>
  <testcase name="test5UsingPOM" time="13.466" classname="tests.Test_Expl"/>
  <system-out/>
  <testcase name="test1UsingPOM" time="13.287" classname="tests.Test_Expl"/>
  <system-out/>
  <testcase name="test2UsingPOM" time="15.268" classname="tests.Test_Expl"/>
  <system-out/>
</testsuite> <!-- tests.Test_Expl -->
