<?xml version="1.0" encoding="UTF-8"?>
<!-- Generated by org.testng.reporters.JUnitReportReporter -->
<testsuite skipped="0" hostname="LAPTOP-MC2FHNDC" name="tests.Sana" tests="26" failures="0" timestamp="2021-01-20T08:38:43 EST" time="719.315" errors="0">
  <testcase name="negativeLoginNonEng" time="24.969" classname="tests.Sana"/>
  <system-out/>
  <testcase name="negativeLoginNonEng" time="24.722" classname="tests.Sana"/>
  <system-out/>
  <testcase name="negativeLoginNonEng" time="23.496" classname="tests.Sana"/>
  <system-out/>
  <testcase name="negativeLoginNonEng" time="23.221" classname="tests.Sana"/>
  <system-out/>
  <testcase name="positiveLogin" time="32.557" classname="tests.Sana"/>
  <system-out/>
  <testcase name="negativeLoginDigits" time="29.897" classname="tests.Sana"/>
  <system-out/>
  <testcase name="negativeLoginLN" time="23.043" classname="tests.Sana"/>
  <system-out/>
  <testcase name="negativeLoginLN" time="25.627" classname="tests.Sana"/>
  <system-out/>
  <testcase name="passwordResetLinks" time="24.510" classname="tests.Sana"/>
  <system-out/>
  <testcase name="verifyCheckbox" time="26.102" classname="tests.Sana"/>
  <system-out/>
  <testcase name="negativeLoginWP" time="31.255" classname="tests.Sana"/>
  <system-out/>
  <testcase name="negativeLoginWP" time="30.248" classname="tests.Sana"/>
  <system-out/>
  <testcase name="negativeLoginLN" time="23.589" classname="tests.Sana"/>
  <system-out/>
  <testcase name="joinSkyMiles" time="32.663" classname="tests.Sana"/>
  <system-out/>
  <testcase name="negativeLoginLN" time="23.749" classname="tests.Sana"/>
  <system-out/>
  <testcase name="verifyCheckbox" time="30.327" classname="tests.Sana"/>
  <system-out/>
  <testcase name="negativeLoginLN" time="24.682" classname="tests.Sana"/>
  <system-out/>
  <testcase name="negativeLoginLN" time="23.711" classname="tests.Sana"/>
  <system-out/>
  <testcase name="negativeLoginLN" time="23.336" classname="tests.Sana"/>
  <system-out/>
  <testcase name="positiveLogin" time="34.098" classname="tests.Sana"/>
  <system-out/>
  <testcase name="passwordResetLinks" time="24.913" classname="tests.Sana"/>
  <system-out/>
  <testcase name="negativeLoginLN" time="24.765" classname="tests.Sana"/>
  <system-out/>
  <testcase name="negativeLoginLN" time="42.404" classname="tests.Sana"/>
  <system-out/>
  <testcase name="negativeLoginLN" time="28.347" classname="tests.Sana"/>
  <system-out/>
  <testcase name="joinSkyMiles" time="31.597" classname="tests.Sana"/>
  <system-out/>
  <testcase name="negativeLoginDigits" time="31.487" classname="tests.Sana"/>
  <system-out/>
</testsuite> <!-- tests.Sana -->
